<?xml version="1.0" encoding="UTF-8"?>
<testng-results ignored="0" total="1" passed="1" failed="0" skipped="0">
  <reporter-output>
  </reporter-output>
  <suite started-at="2025-05-20T06:42:16 IST" name="Default suite" finished-at="2025-05-20T06:42:16 IST" duration-ms="77">
    <groups>
    </groups>
    <test started-at="2025-05-20T06:42:16 IST" name="Default test" finished-at="2025-05-20T06:42:16 IST" duration-ms="77">
      <class name="Encryption.EncodeAndDecode">
        <test-method signature="encode()[pri:0, instance:Encryption.EncodeAndDecode@7c7a06ec]" started-at="2025-05-20T06:42:16 IST" name="encode" finished-at="2025-05-20T06:42:16 IST" duration-ms="20" status="PASS">
          <reporter-output>
          </reporter-output>
        </test-method> <!-- encode -->
      </class> <!-- Encryption.EncodeAndDecode -->
    </test> <!-- Default test -->
  </suite> <!-- Default suite -->
</testng-results>
