<?xml version="1.0" encoding="UTF-8"?>
<testng-results ignored="0" total="1" passed="1" failed="0" skipped="0">
  <reporter-output>
  </reporter-output>
  <suite started-at="2025-05-08T13:26:57 IST" name="Default suite" finished-at="2025-05-08T13:27:06 IST" duration-ms="8501">
    <groups>
    </groups>
    <test started-at="2025-05-08T13:26:57 IST" name="Default test" finished-at="2025-05-08T13:27:06 IST" duration-ms="8501">
      <class name="DataMAsking.dataMasking">
        <test-method signature="postDataToServer()[pri:0, instance:DataMAsking.dataMasking@7c7a06ec]" started-at="2025-05-08T13:26:57 IST" name="postDataToServer" finished-at="2025-05-08T13:27:06 IST" duration-ms="8423" status="PASS">
          <reporter-output>
          </reporter-output>
        </test-method> <!-- postDataToServer -->
      </class> <!-- DataMAsking.dataMasking -->
    </test> <!-- Default test -->
  </suite> <!-- Default suite -->
</testng-results>
