<?xml version="1.0" encoding="UTF-8"?>
<!-- Generated by org.testng.reporters.JUnitXMLReporter -->
<testsuite ignored="0" hostname="LAPTOP-6MELK31E" failures="0" tests="3" name="Default test" time="7.806" errors="0" timestamp="2025-04-17T18:13:13 IST">
  <testcase classname="Mock.restFullBroker" name="createBooking" time="5.321"/>
  <testcase classname="Mock.restFullBroker" name="createToken" time="1.381"/>
  <testcase classname="Mock.restFullBroker" name="partialUpdateBooking" time="1.03"/>
</testsuite> <!-- Default test -->
